[16/Oct/2012 13:17:51] "GET /panel/ HTTP/1.1" 200 6766
[16/Oct/2012 13:17:55] "GET /panel/ HTTP/1.1" 200 6766
[16/Oct/2012 13:18:36] "GET /panel/ HTTP/1.1" 200 6775
Validating models...

0 errors found
Django version 1.3.1, using settings 'lartop50.settings'
Development server is running at http://0.0.0.0:8000/
Quit the server with CONTROL-C.
Validating models...

0 errors found
Django version 1.3.1, using settings 'lartop50.settings'
Development server is running at http://0.0.0.0:8000/
Quit the server with CONTROL-C.
Validating models...

0 errors found
Django version 1.3.1, using settings 'lartop50.settings'
Development server is running at http://0.0.0.0:8000/
Quit the server with CONTROL-C.
Validating models...

0 errors found
Django version 1.3.1, using settings 'lartop50.settings'
Development server is running at http://0.0.0.0:8000/
Quit the server with CONTROL-C.
Validating models...

0 errors found
Django version 1.3.1, using settings 'lartop50.settings'
Development server is running at http://0.0.0.0:8000/
Quit the server with CONTROL-C.
Validating models...

0 errors found
Django version 1.3.1, using settings 'lartop50.settings'
Development server is running at http://0.0.0.0:8000/
Quit the server with CONTROL-C.
[16/Oct/2012 13:28:55] "GET /panel/ HTTP/1.1" 200 6740
[16/Oct/2012 13:28:55] "GET /static/css/bootstrap.css HTTP/1.1" 404 1748
[16/Oct/2012 13:29:16] "GET /static/css/bootstrap.css HTTP/1.1" 404 1748
Validating models...

0 errors found
Django version 1.3.1, using settings 'lartop50.settings'
Development server is running at http://0.0.0.0:8000/
Quit the server with CONTROL-C.
Validating models...

0 errors found
Django version 1.3.1, using settings 'lartop50.settings'
Development server is running at http://127.0.0.1:8000/
Quit the server with CONTROL-C.
